[0.5, 0.5, 0.0]
3
3
3
4
3
3
3
[0.5, 0.5, 0.0]
[0.3333333333333333, 0.3333333333333333, 0.3333333333333333]
3
3
3
4
3
3
3
[0.3333333333333333, 0.3333333333333333, 0.3333333333333333]
[0.1111111111111111, 0.7777777777777779, 0.1111111111111111]
3
3
3
3
3
3
3
4
4
3
3
3
3
3
3
3
3
3
3
3
3
3
4
4
3
3
3
3
3
3
[0.1111111111111111, 0.7777777777777779, 0.1111111111111111]
[0.5, 0.5, 0.0]
2
2
2
1
1
1
1
1
1
1
1
1
2
2
2
2
2
2
2
2
2
[0.5, 0.5, 0.0]
[0.49919999999997766, 0.5007999999999775, 0.0]
3
3
3
3
3
4
3
[0.4915999999999785, 0.5083999999999766, 0.0]
[0.3433999999999948, 0.3263999999999967, 0.3301999999999963]
3
3
3
3
3
4
3
[0.3471999999999944, 0.32399999999999696, 0.32879999999999643]
[0.11213333333333785, 0.7791999999999503, 0.10866666666667084]
3
3
3
3
3
4
3
[0.11186666666667115, 0.7793333333332839, 0.10880000000000419]
[0.5103999999999764, 0.4895999999999787, 0.0]
2
2
2
1
1
1
1
1
1
2
2
2
2
2
2
1
1
1
2
2
2
[0.5025999999999773, 0.49739999999997786, 0.0]
