[0.5, 0.5, 0.0]
3
3
3
4
3
3
3
[0.5, 0.5, 0.0]
[0.3333333333333333, 0.3333333333333333, 0.3333333333333333]
3
3
3
4
3
3
3
[0.3333333333333333, 0.3333333333333333, 0.3333333333333333]
[0.1111111111111111, 0.7777777777777779, 0.1111111111111111]
3
3
3
3
3
3
3
4
4
3
3
3
3
3
3
3
3
3
3
3
3
3
4
4
3
3
3
3
3
3
[0.1111111111111111, 0.7777777777777779, 0.1111111111111111]
[0.5, 0.5, 0.0]
2
2
2
1
1
1
1
1
1
1
1
1
2
2
2
2
2
2
2
2
2
[0.5, 0.5, 0.0]
[0.49759999999997784, 0.5023999999999773, 0.0]
3
3
3
3
3
3
4
[0.505399999999977, 0.49459999999997817, 0.0]
[0.3299999999999963, 0.3361999999999956, 0.3337999999999959]
3
3
3
3
3
4
3
[0.3391999999999953, 0.3301999999999963, 0.33059999999999623]
[0.11213333333333785, 0.7775999999999504, 0.110266666666671]
3
3
3
3
4
3
3
[0.1100000000000043, 0.7791999999999503, 0.11080000000000438]
[0.5013999999999774, 0.4985999999999777, 0.0]
2
2
2
1
1
1
1
1
1
2
2
2
2
2
2
2
2
2
1
1
1
[0.5085999999999766, 0.4913999999999785, 0.0]
