[0.5, 0.5, 0.0]
3
3
3
4
3
3
3
[0.5, 0.5, 0.0]
[0.3333333333333333, 0.3333333333333333, 0.3333333333333333]
3
3
3
4
3
3
3
[0.3333333333333333, 0.3333333333333333, 0.3333333333333333]
[0.1111111111111111, 0.7777777777777779, 0.1111111111111111]
3
3
3
3
3
3
3
4
4
3
3
3
3
3
3
3
3
3
3
3
3
3
4
4
3
3
3
3
3
3
[0.1111111111111111, 0.7777777777777779, 0.1111111111111111]
[0.5, 0.5, 0.0]
2
2
2
1
1
1
1
1
1
1
1
1
2
2
2
2
2
2
2
2
2
[0.5, 0.5, 0.0]
[0.49559999999997806, 0.5043999999999771, 0.0]
3
3
3
4
3
3
3
[0.5017999999999774, 0.49819999999997777, 0.0]
[0.3279999999999965, 0.32499999999999685, 0.3469999999999944]
3
3
3
3
3
3
4
[0.3353999999999957, 0.3289999999999964, 0.3355999999999957]
[0.10933333333333757, 0.7769333333332841, 0.113733333333338]
3
3
3
3
4
3
3
[0.11240000000000454, 0.7746666666666177, 0.11293333333333792]
[0.5087999999999766, 0.49119999999997854, 0.0]
2
2
2
1
1
1
1
1
1
1
1
1
2
2
2
2
2
2
2
2
2
[0.49639999999997797, 0.5035999999999772, 0.0]
