[0.5, 0.5, 0.0]
3
3
3
4
3
3
3
[0.5, 0.5, 0.0]
[0.3333333333333333, 0.3333333333333333, 0.3333333333333333]
3
3
3
4
3
3
3
[0.3333333333333333, 0.3333333333333333, 0.3333333333333333]
[0.1111111111111111, 0.7777777777777779, 0.1111111111111111]
3
3
3
3
3
3
3
4
4
3
3
3
3
3
3
3
3
3
3
3
3
3
4
4
3
3
3
3
3
3
[0.1111111111111111, 0.7777777777777779, 0.1111111111111111]
[0.5, 0.5, 0.0]
2
2
2
1
1
1
1
1
1
1
1
1
2
2
2
2
2
2
2
2
2
[0.5, 0.5, 0.0]
[0.48579999999997914, 0.514199999999976, 0.0]
3
3
3
4
3
3
3
[0.49819999999997777, 0.5017999999999774, 0.0]
[0.3271999999999966, 0.33959999999999524, 0.33319999999999594]
3
3
3
3
3
3
4
[0.3389999999999953, 0.33239999999999603, 0.32859999999999645]
[0.10846666666667082, 0.7772666666666173, 0.11426666666667139]
3
3
3
3
3
3
4
[0.11120000000000442, 0.776999999999951, 0.11180000000000448]
[0.4899999999999787, 0.5099999999999765, 0.0]
2
2
2
1
1
1
1
1
1
2
2
2
2
2
2
1
1
1
2
2
2
[0.49759999999997784, 0.5023999999999773, 0.0]
