[0.5, 0.5, 0.0]
3
3
3
4
3
3
3
[0.5, 0.5, 0.0]
[0.3333333333333333, 0.3333333333333333, 0.3333333333333333]
3
3
3
4
3
3
3
[0.3333333333333333, 0.3333333333333333, 0.3333333333333333]
[0.1111111111111111, 0.7777777777777779, 0.1111111111111111]
3
3
3
3
3
3
3
4
4
3
3
3
3
3
3
3
3
3
3
3
3
3
4
4
3
3
3
3
3
3
[0.1111111111111111, 0.7777777777777779, 0.1111111111111111]
[0.5, 0.5, 0.0]
2
2
2
1
1
1
1
1
1
1
1
1
2
2
2
2
2
2
2
2
2
[0.5, 0.5, 0.0]
[0.49939999999997764, 0.5005999999999775, 0.0]
3
3
3
3
3
4
3
[0.4997999999999776, 0.5001999999999776, 0.0]
[0.33499999999999575, 0.3317999999999961, 0.33319999999999594]
3
3
3
4
3
3
3
[0.3301999999999963, 0.33859999999999535, 0.33119999999999616]
[0.10946666666667092, 0.7767333333332842, 0.11380000000000468]
3
3
3
3
3
3
4
[0.10966666666667094, 0.7795333333332838, 0.11080000000000438]
[0.5043999999999771, 0.49559999999997806, 0.0]
2
2
2
1
1
1
1
1
1
2
2
2
1
1
1
2
2
2
2
2
2
[0.49299999999997834, 0.5069999999999768, 0.0]
